#
# There is insufficient memory for the Java Runtime Environment to continue.
# Native memory allocation (malloc) failed to allocate 32744 bytes for ChunkPool::allocate
# Possible reasons:
#   The system is out of physical RAM or swap space
#   In 32 bit mode, the process size limit was hit
# Possible solutions:
#   Reduce memory load on the system
#   Increase physical memory or swap space
#   Check if swap backing store is full
#   Use 64 bit Java on a 64 bit OS
#   Decrease Java heap size (-Xmx/-Xms)
#   Decrease number of Java threads
#   Decrease Java thread stack sizes (-Xss)
#   Set larger code cache with -XX:ReservedCodeCacheSize=
# This output file may be truncated or incomplete.
#
#  Out of Memory Error (allocation.cpp:273), pid=9168, tid=0x00000000000027c8
#
# JRE version: Java(TM) SE Runtime Environment (8.0_111-b14) (build 1.8.0_111-b14)
# Java VM: Java HotSpot(TM) 64-Bit Server VM (25.111-b14 mixed mode windows-amd64 compressed oops)
# Failed to write core dump. Minidumps are not enabled by default on client versions of Windows
#

---------------  T H R E A D  ---------------

Current thread (0x00000000025d4800):  JavaThread "main" [_thread_in_vm, id=10184, stack(0x00000000024d0000,0x00000000025d0000)]

Stack: [0x00000000024d0000,0x00000000025d0000]
[error occurred during error reporting (printing stack bounds), id 0xc0000005]

Native frames: (J=compiled Java code, j=interpreted, Vv=VM code, C=native code)

Java frames: (J=compiled Java code, j=interpreted, Vv=VM code)
j  org.springframework.cglib.core.KeyFactory$Generator.<init>()V+8
j  org.springframework.cglib.core.KeyFactory.create(Ljava/lang/ClassLoader;Ljava/lang/Class;Lorg/springframework/cglib/core/KeyFactoryCustomizer;Ljava/util/List;)Lorg/springframework/cglib/core/KeyFactory;+4
j  org.springframework.cglib.core.KeyFactory.create(Ljava/lang/Class;Lorg/springframework/cglib/core/KeyFactoryCustomizer;Ljava/util/List;)Lorg/springframework/cglib/core/KeyFactory;+7
j  org.springframework.cglib.proxy.Enhancer.<clinit>()V+31
v  ~StubRoutines::call_stub
j  org.springframework.context.annotation.ConfigurationClassEnhancer.newEnhancer(Ljava/lang/Class;Ljava/lang/ClassLoader;)Lorg/springframework/cglib/proxy/Enhancer;+0
j  org.springframework.context.annotation.ConfigurationClassEnhancer.enhance(Ljava/lang/Class;Ljava/lang/ClassLoader;)Ljava/lang/Class;+50
j  org.springframework.context.annotation.ConfigurationClassPostProcessor.enhanceConfigurationClasses(Lorg/springframework/beans/factory/config/ConfigurableListableBeanFactory;)V+275
j  org.springframework.context.annotation.ConfigurationClassPostProcessor.postProcessBeanFactory(Lorg/springframework/beans/factory/config/ConfigurableListableBeanFactory;)V+88
j  org.springframework.context.support.PostProcessorRegistrationDelegate.invokeBeanFactoryPostProcessors(Ljava/util/Collection;Lorg/springframework/beans/factory/config/ConfigurableListableBeanFactory;)V+28
j  org.springframework.context.support.PostProcessorRegistrationDelegate.invokeBeanFactoryPostProcessors(Lorg/springframework/beans/factory/config/ConfigurableListableBeanFactory;Ljava/util/List;)V+475
j  org.springframework.context.support.AbstractApplicationContext.invokeBeanFactoryPostProcessors(Lorg/springframework/beans/factory/config/ConfigurableListableBeanFactory;)V+5
j  org.springframework.context.support.AbstractApplicationContext.refresh()V+28
j  org.springframework.boot.context.embedded.EmbeddedWebApplicationContext.refresh()V+1
j  org.springframework.boot.SpringApplication.refresh(Lorg/springframework/context/ApplicationContext;)V+10
j  org.springframework.boot.SpringApplication.refreshContext(Lorg/springframework/context/ConfigurableApplicationContext;)V+2
j  org.springframework.boot.SpringApplication.run([Ljava/lang/String;)Lorg/springframework/context/ConfigurableApplicationContext;+78
j  org.springframework.boot.SpringApplication.run([Ljava/lang/Object;[Ljava/lang/String;)Lorg/springframework/context/ConfigurableApplicationContext;+9
j  org.springframework.boot.SpringApplication.run(Ljava/lang/Object;[Ljava/lang/String;)Lorg/springframework/context/ConfigurableApplicationContext;+9
j  ve.com.gem.GemBackendApplication.main([Ljava/lang/String;)V+3
v  ~StubRoutines::call_stub

---------------  P R O C E S S  ---------------

Java Threads: ( => current thread )
  0x000000001a52c000 JavaThread "RMI TCP Accept-0" daemon [_thread_in_native, id=12204, stack(0x000000001aca0000,0x000000001ada0000)]
  0x000000001a521000 JavaThread "RMI TCP Accept-62163" daemon [_thread_in_native, id=11912, stack(0x000000001aba0000,0x000000001aca0000)]
  0x000000001a511800 JavaThread "RMI TCP Accept-0" daemon [_thread_in_native, id=5416, stack(0x000000001aaa0000,0x000000001aba0000)]
  0x0000000019649000 JavaThread "Service Thread" daemon [_thread_blocked, id=5252, stack(0x000000001a110000,0x000000001a210000)]
  0x00000000195c6800 JavaThread "C1 CompilerThread3" daemon [_thread_blocked, id=8884, stack(0x000000001a010000,0x000000001a110000)]
  0x00000000195bc000 JavaThread "C2 CompilerThread2" daemon [_thread_in_native, id=13620, stack(0x0000000019f10000,0x000000001a010000)]
  0x00000000195b9000 JavaThread "C2 CompilerThread1" daemon [_thread_in_native, id=9720, stack(0x0000000019e10000,0x0000000019f10000)]
  0x00000000195b2800 JavaThread "C2 CompilerThread0" daemon [_thread_in_native, id=6948, stack(0x0000000019d10000,0x0000000019e10000)]
  0x00000000195b1800 JavaThread "Attach Listener" daemon [_thread_blocked, id=13656, stack(0x0000000019c10000,0x0000000019d10000)]
  0x00000000195ae800 JavaThread "Signal Dispatcher" daemon [_thread_blocked, id=9320, stack(0x0000000019b10000,0x0000000019c10000)]
  0x0000000017653000 JavaThread "Finalizer" daemon [_thread_blocked, id=14004, stack(0x0000000019930000,0x0000000019a30000)]
  0x00000000026c9000 JavaThread "Reference Handler" daemon [_thread_blocked, id=8952, stack(0x0000000019430000,0x0000000019530000)]
=>0x00000000025d4800 JavaThread "main" [_thread_in_vm, id=10184, stack(0x00000000024d0000,0x00000000025d0000)]

Other Threads:
  0x0000000017648800 VMThread [stack: 0x0000000019330000,0x0000000019430000] [id=8644]
  0x000000001a539800 WatcherThread [stack: 0x000000001ada0000,0x000000001aea0000] [id=11028]

VM state:synchronizing (normal execution)

VM Mutex/Monitor currently owned by a thread:  ([mutex/lock_event])
[0x00000000025d1950] Threads_lock - owner thread: 0x0000000017648800

Heap:
 PSYoungGen      total 115200K, used 86437K [0x00000000d5f00000, 0x00000000df100000, 0x0000000100000000)
  eden space 109568K, 74% used [0x00000000d5f00000,0x00000000dae39478,0x00000000dca00000)
  from space 5632K, 94% used [0x00000000deb80000,0x00000000df0b0060,0x00000000df100000)
  to   space 11264K, 0% used [0x00000000ddb00000,0x00000000ddb00000,0x00000000de600000)
 ParOldGen       total 61440K, used 10969K [0x0000000081c00000, 0x0000000085800000, 0x00000000d5f00000)
  object space 61440K, 17% used [0x0000000081c00000,0x00000000826b64f8,0x0000000085800000)
 Metaspace       used 23850K, capacity 24184K, committed 24448K, reserved 1071104K
  class space    used 3057K, capacity 3161K, committed 3200K, reserved 1048576K

Card table byte_map: [0x0000000011a90000,0x0000000011e90000] byte_map_base: 0x0000000011682000

Marking Bits: (ParMarkBitMap*) 0x00000000512fa6c0
 Begin Bits: [0x0000000012940000, 0x00000000148d0000)
 End Bits:   [0x00000000148d0000, 0x0000000016860000)

Polling page: 0x00000000009e0000

CodeCache: size=245760Kb used=9441Kb max_used=9441Kb free=236318Kb
 bounds [0x00000000026d0000, 0x0000000003020000, 0x00000000116d0000]
 total_blobs=2728 nmethods=2339 adapters=301
 compilation: enabled

Compilation events (10 events):
Event: 7.953 Thread 0x00000000195c6800 2595   !   3       org.springframework.context.annotation.ConfigurationClassUtils::isLiteConfigurationCandidate (121 bytes)
Event: 7.955 Thread 0x00000000195c6800 nmethod 2595 0x00000000030086d0 code [0x0000000003008a20, 0x000000000300a4b8]
Event: 7.956 Thread 0x00000000195c6800 2596   !   3       com.sun.proxy.$Proxy34::annotationType (29 bytes)
Event: 7.956 Thread 0x00000000195c6800 nmethod 2596 0x000000000300b010 code [0x000000000300b1a0, 0x000000000300b5d8]
Event: 7.957 Thread 0x00000000195c6800 2597       3       org.springframework.beans.factory.support.AbstractBeanFactory::isTypeMatch (367 bytes)
Event: 7.960 Thread 0x00000000195c6800 nmethod 2597 0x000000000300b790 code [0x000000000300bc60, 0x000000000300fc88]
Event: 7.961 Thread 0x00000000195c6800 2598       3       org.springframework.context.annotation.ConfigurationClassUtils::isFullConfigurationClass (15 bytes)
Event: 7.961 Thread 0x00000000195c6800 nmethod 2598 0x0000000003011210 code [0x0000000003011380, 0x0000000003011638]
Event: 7.976 Thread 0x00000000195c6800 2599  s    1       java.lang.StringBuffer::length (5 bytes)
Event: 7.977 Thread 0x00000000195c6800 nmethod 2599 0x0000000003011710 code [0x0000000003011860, 0x0000000003011ad0]

GC Heap History (10 events):
Event: 4.891 GC heap before
{Heap before GC invocations=3 (full 0):
 PSYoungGen      total 38400K, used 38385K [0x00000000d5f00000, 0x00000000daa00000, 0x0000000100000000)
  eden space 33280K, 100% used [0x00000000d5f00000,0x00000000d7f80000,0x00000000d7f80000)
  from space 5120K, 99% used [0x00000000d8480000,0x00000000d897c7a0,0x00000000d8980000)
  to   space 5120K, 0% used [0x00000000d7f80000,0x00000000d7f80000,0x00000000d8480000)
 ParOldGen       total 87552K, used 5026K [0x0000000081c00000, 0x0000000087180000, 0x00000000d5f00000)
  object space 87552K, 5% used [0x0000000081c00000,0x00000000820e8a80,0x0000000087180000)
 Metaspace       used 20017K, capacity 20336K, committed 20608K, reserved 1067008K
  class space    used 2490K, capacity 2573K, committed 2688K, reserved 1048576K
Event: 4.901 GC heap after
Heap after GC invocations=3 (full 0):
 PSYoungGen      total 38400K, used 5095K [0x00000000d5f00000, 0x00000000daa00000, 0x0000000100000000)
  eden space 33280K, 0% used [0x00000000d5f00000,0x00000000d5f00000,0x00000000d7f80000)
  from space 5120K, 99% used [0x00000000d7f80000,0x00000000d8479f18,0x00000000d8480000)
  to   space 5120K, 0% used [0x00000000da500000,0x00000000da500000,0x00000000daa00000)
 ParOldGen       total 87552K, used 9265K [0x0000000081c00000, 0x0000000087180000, 0x00000000d5f00000)
  object space 87552K, 10% used [0x0000000081c00000,0x000000008250c4b0,0x0000000087180000)
 Metaspace       used 20017K, capacity 20336K, committed 20608K, reserved 1067008K
  class space    used 2490K, capacity 2573K, committed 2688K, reserved 1048576K
}
Event: 5.258 GC heap before
{Heap before GC invocations=4 (full 0):
 PSYoungGen      total 38400K, used 38375K [0x00000000d5f00000, 0x00000000daa00000, 0x0000000100000000)
  eden space 33280K, 100% used [0x00000000d5f00000,0x00000000d7f80000,0x00000000d7f80000)
  from space 5120K, 99% used [0x00000000d7f80000,0x00000000d8479f18,0x00000000d8480000)
  to   space 5120K, 0% used [0x00000000da500000,0x00000000da500000,0x00000000daa00000)
 ParOldGen       total 87552K, used 9265K [0x0000000081c00000, 0x0000000087180000, 0x00000000d5f00000)
  object space 87552K, 10% used [0x0000000081c00000,0x000000008250c4b0,0x0000000087180000)
 Metaspace       used 20479K, capacity 20796K, committed 20864K, reserved 1067008K
  class space    used 2542K, capacity 2639K, committed 2688K, reserved 1048576K
Event: 5.266 GC heap after
Heap after GC invocations=4 (full 0):
 PSYoungGen      total 71680K, used 5109K [0x00000000d5f00000, 0x00000000daa00000, 0x0000000100000000)
  eden space 66560K, 0% used [0x00000000d5f00000,0x00000000d5f00000,0x00000000da000000)
  from space 5120K, 99% used [0x00000000da500000,0x00000000da9fd630,0x00000000daa00000)
  to   space 5120K, 0% used [0x00000000da000000,0x00000000da000000,0x00000000da500000)
 ParOldGen       total 87552K, used 11893K [0x0000000081c00000, 0x0000000087180000, 0x00000000d5f00000)
  object space 87552K, 13% used [0x0000000081c00000,0x000000008279d4e8,0x0000000087180000)
 Metaspace       used 20479K, capacity 20796K, committed 20864K, reserved 1067008K
  class space    used 2542K, capacity 2639K, committed 2688K, reserved 1048576K
}
Event: 5.517 GC heap before
{Heap before GC invocations=5 (full 0):
 PSYoungGen      total 71680K, used 26724K [0x00000000d5f00000, 0x00000000daa00000, 0x0000000100000000)
  eden space 66560K, 32% used [0x00000000d5f00000,0x00000000d741bc98,0x00000000da000000)
  from space 5120K, 99% used [0x00000000da500000,0x00000000da9fd630,0x00000000daa00000)
  to   space 5120K, 0% used [0x00000000da000000,0x00000000da000000,0x00000000da500000)
 ParOldGen       total 87552K, used 11893K [0x0000000081c00000, 0x0000000087180000, 0x00000000d5f00000)
  object space 87552K, 13% used [0x0000000081c00000,0x000000008279d4e8,0x0000000087180000)
 Metaspace       used 20871K, capacity 21218K, committed 21296K, reserved 1069056K
  class space    used 2605K, capacity 2672K, committed 2688K, reserved 1048576K
Event: 5.524 GC heap after
Heap after GC invocations=5 (full 0):
 PSYoungGen      total 71680K, used 5111K [0x00000000d5f00000, 0x00000000df600000, 0x0000000100000000)
  eden space 66560K, 0% used [0x00000000d5f00000,0x00000000d5f00000,0x00000000da000000)
  from space 5120K, 99% used [0x00000000da000000,0x00000000da4fdee8,0x00000000da500000)
  to   space 10752K, 0% used [0x00000000deb80000,0x00000000deb80000,0x00000000df600000)
 ParOldGen       total 87552K, used 12486K [0x0000000081c00000, 0x0000000087180000, 0x00000000d5f00000)
  object space 87552K, 14% used [0x0000000081c00000,0x00000000828319b0,0x0000000087180000)
 Metaspace       used 20871K, capacity 21218K, committed 21296K, reserved 1069056K
  class space    used 2605K, capacity 2672K, committed 2688K, reserved 1048576K
}
Event: 5.524 GC heap before
{Heap before GC invocations=6 (full 1):
 PSYoungGen      total 71680K, used 5111K [0x00000000d5f00000, 0x00000000df600000, 0x0000000100000000)
  eden space 66560K, 0% used [0x00000000d5f00000,0x00000000d5f00000,0x00000000da000000)
  from space 5120K, 99% used [0x00000000da000000,0x00000000da4fdee8,0x00000000da500000)
  to   space 10752K, 0% used [0x00000000deb80000,0x00000000deb80000,0x00000000df600000)
 ParOldGen       total 87552K, used 12486K [0x0000000081c00000, 0x0000000087180000, 0x00000000d5f00000)
  object space 87552K, 14% used [0x0000000081c00000,0x00000000828319b0,0x0000000087180000)
 Metaspace       used 20871K, capacity 21218K, committed 21296K, reserved 1069056K
  class space    used 2605K, capacity 2672K, committed 2688K, reserved 1048576K
Event: 5.569 GC heap after
Heap after GC invocations=6 (full 1):
 PSYoungGen      total 71680K, used 0K [0x00000000d5f00000, 0x00000000df600000, 0x0000000100000000)
  eden space 66560K, 0% used [0x00000000d5f00000,0x00000000d5f00000,0x00000000da000000)
  from space 5120K, 0% used [0x00000000da000000,0x00000000da000000,0x00000000da500000)
  to   space 10752K, 0% used [0x00000000deb80000,0x00000000deb80000,0x00000000df600000)
 ParOldGen       total 61440K, used 10961K [0x0000000081c00000, 0x0000000085800000, 0x00000000d5f00000)
  object space 61440K, 17% used [0x0000000081c00000,0x00000000826b44f8,0x0000000085800000)
 Metaspace       used 20871K, capacity 21218K, committed 21296K, reserved 1069056K
  class space    used 2605K, capacity 2672K, committed 2688K, reserved 1048576K
}
Event: 6.080 GC heap before
{Heap before GC invocations=7 (full 1):
 PSYoungGen      total 71680K, used 66560K [0x00000000d5f00000, 0x00000000df600000, 0x0000000100000000)
  eden space 66560K, 100% used [0x00000000d5f00000,0x00000000da000000,0x00000000da000000)
  from space 5120K, 0% used [0x00000000da000000,0x00000000da000000,0x00000000da500000)
  to   space 10752K, 0% used [0x00000000deb80000,0x00000000deb80000,0x00000000df600000)
 ParOldGen       total 61440K, used 10961K [0x0000000081c00000, 0x0000000085800000, 0x00000000d5f00000)
  object space 61440K, 17% used [0x0000000081c00000,0x00000000826b44f8,0x0000000085800000)
 Metaspace       used 21630K, capacity 21978K, committed 22320K, reserved 1069056K
  class space    used 2723K, capacity 2836K, committed 2944K, reserved 1048576K
Event: 6.085 GC heap after
Heap after GC invocations=7 (full 1):
 PSYoungGen      total 115200K, used 5312K [0x00000000d5f00000, 0x00000000df100000, 0x0000000100000000)
  eden space 109568K, 0% used [0x00000000d5f00000,0x00000000d5f00000,0x00000000dca00000)
  from space 5632K, 94% used [0x00000000deb80000,0x00000000df0b0060,0x00000000df100000)
  to   space 11264K, 0% used [0x00000000ddb00000,0x00000000ddb00000,0x00000000de600000)
 ParOldGen       total 61440K, used 10969K [0x0000000081c00000, 0x0000000085800000, 0x00000000d5f00000)
  object space 61440K, 17% used [0x0000000081c00000,0x00000000826b64f8,0x0000000085800000)
 Metaspace       used 21630K, capacity 21978K, committed 22320K, reserved 1069056K
  class space    used 2723K, capacity 2836K, committed 2944K, reserved 1048576K
}

Deoptimization events (10 events):
Event: 5.681 Thread 0x00000000025d4800 Uncommon trap: reason=array_check action=maybe_recompile pc=0x0000000002e0c0a0 method=sun.reflect.annotation.AnnotationParser.parseEnumArray(ILjava/lang/Class;Ljava/nio/ByteBuffer;Lsun/reflect/ConstantPool;Ljava/lang/Class;)Ljava/lang/Object; @ 53
Event: 5.927 Thread 0x00000000025d4800 Uncommon trap: reason=unstable_if action=reinterpret pc=0x0000000002c888dc method=java.util.LinkedHashMap.afterNodeInsertion(Z)V @ 18
Event: 6.076 Thread 0x00000000025d4800 Uncommon trap: reason=unstable_if action=reinterpret pc=0x0000000002e64ed4 method=java.util.HashMap.remove(Ljava/lang/Object;)Ljava/lang/Object; @ 14
Event: 6.316 Thread 0x00000000025d4800 Uncommon trap: reason=unstable_if action=reinterpret pc=0x0000000002c10530 method=org.springframework.util.Assert.notNull(Ljava/lang/Object;Ljava/lang/String;)V @ 1
Event: 6.344 Thread 0x00000000025d4800 Uncommon trap: reason=unstable_if action=reinterpret pc=0x0000000002cf0440 method=java.util.LinkedHashMap.get(Ljava/lang/Object;)Ljava/lang/Object; @ 20
Event: 6.344 Thread 0x00000000025d4800 Uncommon trap: reason=unstable_if action=reinterpret pc=0x00000000029b3d18 method=java.util.LinkedHashMap.afterNodeAccess(Ljava/util/HashMap$Node;)V @ 4
Event: 6.370 Thread 0x00000000025d4800 Uncommon trap: reason=unstable_if action=reinterpret pc=0x0000000002c4b204 method=org.springframework.asm.ClassReader.readCode(Lorg/springframework/asm/MethodVisitor;Lorg/springframework/asm/Context;I)V @ 799
Event: 6.371 Thread 0x00000000025d4800 Uncommon trap: reason=unstable_if action=reinterpret pc=0x000000000288f660 method=org.springframework.util.StringUtils.cleanPath(Ljava/lang/String;)Ljava/lang/String; @ 68
Event: 6.574 Thread 0x00000000025d4800 Uncommon trap: reason=unstable_if action=reinterpret pc=0x0000000002902068 method=org.springframework.core.annotation.AnnotationUtils.synthesizeAnnotation(Ljava/lang/annotation/Annotation;Ljava/lang/Object;)Ljava/lang/annotation/Annotation; @ 1
Event: 7.882 Thread 0x00000000025d4800 Uncommon trap: reason=unstable_if action=reinterpret pc=0x00000000029b45a8 method=org.springframework.util.ReflectionUtils$2.doWith(Ljava/lang/reflect/Method;)V @ 76

Internal exceptions (10 events):
Event: 1.397 Thread 0x00000000025d4800 Exception <a 'java/lang/ClassNotFoundException': org/springframework/context/annotation/ConfigurationClassPostProcessorCustomizer> (0x00000000d6681f78) thrown at [C:\re\workspace\8-2-build-windows-amd64-cygwin\jdk8u111\7883\hotspot\src\share\vm\classfile\
Event: 1.399 Thread 0x00000000025d4800 Exception <a 'java/lang/ClassNotFoundException': org/springframework/beans/factory/support/BeanDefinitionRegistryPostProcessorCustomizer> (0x00000000d66f9c20) thrown at [C:\re\workspace\8-2-build-windows-amd64-cygwin\jdk8u111\7883\hotspot\src\share\vm\cla
Event: 1.399 Thread 0x00000000025d4800 Exception <a 'java/lang/ClassNotFoundException': org/springframework/core/PriorityOrderedCustomizer> (0x00000000d670bd00) thrown at [C:\re\workspace\8-2-build-windows-amd64-cygwin\jdk8u111\7883\hotspot\src\share\vm\classfile\systemDictionary.cpp, line 210
Event: 1.399 Thread 0x00000000025d4800 Exception <a 'java/lang/ClassNotFoundException': org/springframework/context/ResourceLoaderAwareCustomizer> (0x00000000d671e958) thrown at [C:\re\workspace\8-2-build-windows-amd64-cygwin\jdk8u111\7883\hotspot\src\share\vm\classfile\systemDictionary.cpp, l
Event: 1.400 Thread 0x00000000025d4800 Exception <a 'java/lang/ClassNotFoundException': org/springframework/beans/factory/BeanClassLoaderAwareCustomizer> (0x00000000d6734340) thrown at [C:\re\workspace\8-2-build-windows-amd64-cygwin\jdk8u111\7883\hotspot\src\share\vm\classfile\systemDictionary
Event: 1.400 Thread 0x00000000025d4800 Exception <a 'java/lang/ClassNotFoundException': org/springframework/context/EnvironmentAwareCustomizer> (0x00000000d67477e0) thrown at [C:\re\workspace\8-2-build-windows-amd64-cygwin\jdk8u111\7883\hotspot\src\share\vm\classfile\systemDictionary.cpp, line
Event: 1.641 Thread 0x000000001b449800 Exception <a 'java/lang/NoSuchFieldError': method resolution failed> (0x00000000d78e5090) thrown at [C:\re\workspace\8-2-build-windows-amd64-cygwin\jdk8u111\7883\hotspot\src\share\vm\prims\methodHandles.cpp, line 1146]
Event: 1.643 Thread 0x000000001b449800 Exception <a 'java/lang/NoSuchFieldError': method resolution failed> (0x00000000d78f2750) thrown at [C:\re\workspace\8-2-build-windows-amd64-cygwin\jdk8u111\7883\hotspot\src\share\vm\prims\methodHandles.cpp, line 1146]
Event: 6.076 Thread 0x00000000025d4800 Implicit null exception at 0x0000000002e61087 to 0x0000000002e64ebd
Event: 6.574 Thread 0x00000000025d4800 Implicit null exception at 0x0000000002901256 to 0x0000000002902059

Events (10 events):
Event: 7.978 loading class org/springframework/cglib/core/KeyFactory$Generator
Event: 7.978 loading class org/springframework/cglib/core/KeyFactory$Generator done
Event: 7.979 loading class org/springframework/cglib/core/DefaultGeneratorStrategy
Event: 7.979 loading class org/springframework/cglib/core/DefaultGeneratorStrategy done
Event: 7.979 loading class org/springframework/cglib/core/DebuggingClassWriter
Event: 7.979 loading class org/springframework/cglib/core/DebuggingClassWriter done
Event: 7.979 loading class org/springframework/cglib/core/DefaultNamingPolicy
Event: 7.979 loading class org/springframework/cglib/core/DefaultNamingPolicy done
Event: 7.980 loading class org/springframework/cglib/core/internal/CustomizerRegistry
Event: 7.980 loading class org/springframework/cglib/core/internal/CustomizerRegistry done


Dynamic libraries:
0x00007ff709180000 - 0x00007ff7091b7000 	C:\Program Files\Java\jre1.8.0_111\bin\javaw.exe
0x00007ff9b5c30000 - 0x00007ff9b5ddc000 	C:\WINDOWS\SYSTEM32\ntdll.dll
0x00007ff9b3a30000 - 0x00007ff9b3b6e000 	C:\WINDOWS\system32\KERNEL32.DLL
0x00007ff9b2eb0000 - 0x00007ff9b2fc5000 	C:\WINDOWS\system32\KERNELBASE.dll
0x00007ff9b1920000 - 0x00007ff9b19ae000 	C:\WINDOWS\system32\apphelp.dll
0x00007ff9892f0000 - 0x00007ff989343000 	C:\WINDOWS\AppPatch\AppPatch64\AcGenral.DLL
0x00007ff9b3e50000 - 0x00007ff9b3efa000 	C:\WINDOWS\system32\msvcrt.dll
0x00007ff9b2b50000 - 0x00007ff9b2b7e000 	C:\WINDOWS\SYSTEM32\SspiCli.dll
0x00007ff9b3fd0000 - 0x00007ff9b4024000 	C:\WINDOWS\system32\SHLWAPI.dll
0x00007ff9b5ab0000 - 0x00007ff9b5c27000 	C:\WINDOWS\system32\USER32.dll
0x00007ff9b3890000 - 0x00007ff9b3a24000 	C:\WINDOWS\system32\ole32.dll
0x00007ff9b4250000 - 0x00007ff9b577b000 	C:\WINDOWS\system32\SHELL32.dll
0x00007ff9b2320000 - 0x00007ff9b2341000 	C:\WINDOWS\SYSTEM32\USERENV.dll
0x00007ff9b35c0000 - 0x00007ff9b366a000 	C:\WINDOWS\system32\ADVAPI32.dll
0x00007ff9a8a90000 - 0x00007ff9a8aae000 	C:\WINDOWS\SYSTEM32\MPR.dll
0x00007ff9b3310000 - 0x00007ff9b3451000 	C:\WINDOWS\system32\RPCRT4.dll
0x00007ff9b32b0000 - 0x00007ff9b3309000 	C:\WINDOWS\SYSTEM32\sechost.dll
0x00007ff9b3c30000 - 0x00007ff9b3e41000 	C:\WINDOWS\SYSTEM32\combase.dll
0x00007ff9b3670000 - 0x00007ff9b37c0000 	C:\WINDOWS\system32\GDI32.dll
0x00007ff9b2d80000 - 0x00007ff9b2d95000 	C:\WINDOWS\SYSTEM32\profapi.dll
0x00007ff9b11a0000 - 0x00007ff9b1252000 	C:\WINDOWS\SYSTEM32\SHCORE.dll
0x00007ff9b37d0000 - 0x00007ff9b3806000 	C:\WINDOWS\system32\IMM32.DLL
0x00007ff9b3460000 - 0x00007ff9b35b2000 	C:\WINDOWS\system32\MSCTF.dll
0x00007ff9b0d20000 - 0x00007ff9b0f9a000 	C:\WINDOWS\WinSxS\amd64_microsoft.windows.common-controls_6595b64144ccf1df_6.0.9600.17810_none_6240b9c7ecbd0bda\COMCTL32.dll
0x0000000050940000 - 0x0000000050a12000 	C:\Program Files\Java\jre1.8.0_111\bin\msvcr100.dll
0x0000000050ae0000 - 0x000000005137a000 	C:\Program Files\Java\jre1.8.0_111\bin\server\jvm.dll
0x00007ff9a9910000 - 0x00007ff9a9919000 	C:\WINDOWS\SYSTEM32\WSOCK32.dll
0x00007ff9ae180000 - 0x00007ff9ae1a2000 	C:\WINDOWS\SYSTEM32\WINMM.dll
0x00007ff9adb90000 - 0x00007ff9adb9a000 	C:\WINDOWS\SYSTEM32\VERSION.dll
0x00007ff9b3810000 - 0x00007ff9b3817000 	C:\WINDOWS\system32\PSAPI.DLL
0x00007ff9b41f0000 - 0x00007ff9b424a000 	C:\WINDOWS\system32\WS2_32.dll
0x00007ff9adcc0000 - 0x00007ff9adcea000 	C:\WINDOWS\SYSTEM32\WINMMBASE.dll
0x00007ff9b4030000 - 0x00007ff9b4039000 	C:\WINDOWS\system32\NSI.dll
0x00007ff9b3260000 - 0x00007ff9b32af000 	C:\WINDOWS\SYSTEM32\cfgmgr32.dll
0x00007ff9b1b80000 - 0x00007ff9b1ba8000 	C:\WINDOWS\SYSTEM32\DEVOBJ.dll
0x0000000051710000 - 0x000000005171f000 	C:\Program Files\Java\jre1.8.0_111\bin\verify.dll
0x00000000516e0000 - 0x0000000051709000 	C:\Program Files\Java\jre1.8.0_111\bin\java.dll
0x00000000516c0000 - 0x00000000516d6000 	C:\Program Files\Java\jre1.8.0_111\bin\zip.dll
0x0000000050930000 - 0x000000005093d000 	C:\Program Files\Java\jre1.8.0_111\bin\management.dll
0x0000000050ac0000 - 0x0000000050ada000 	C:\Program Files\Java\jre1.8.0_111\bin\net.dll
0x00007ff9b2590000 - 0x00007ff9b25e9000 	C:\WINDOWS\system32\mswsock.dll
0x0000000050aa0000 - 0x0000000050ab1000 	C:\Program Files\Java\jre1.8.0_111\bin\nio.dll
0x00007ff996260000 - 0x00007ff996275000 	C:\WINDOWS\system32\napinsp.dll
0x00007ff996280000 - 0x00007ff99629a000 	C:\WINDOWS\system32\pnrpnsp.dll
0x00007ff9ae910000 - 0x00007ff9ae92b000 	C:\WINDOWS\system32\NLAapi.dll
0x00007ff9b2390000 - 0x00007ff9b2434000 	C:\WINDOWS\SYSTEM32\DNSAPI.dll
0x00007ff9962a0000 - 0x00007ff9962ad000 	C:\WINDOWS\System32\winrnr.dll
0x0000000051d90000 - 0x0000000051db6000 	C:\Program Files\Bonjour\mdnsNSP.dll
0x00007ff9ad8e0000 - 0x00007ff9ad90a000 	C:\WINDOWS\SYSTEM32\Iphlpapi.DLL
0x00007ff9ad8c0000 - 0x00007ff9ad8ca000 	C:\WINDOWS\SYSTEM32\WINNSI.DLL
0x00007ff9a8b10000 - 0x00007ff9a8b1a000 	C:\Windows\System32\rasadhlp.dll
0x00007ff9ad470000 - 0x00007ff9ad4db000 	C:\WINDOWS\System32\fwpuclnt.dll
0x00007ff9b25f0000 - 0x00007ff9b2610000 	C:\WINDOWS\SYSTEM32\CRYPTSP.dll
0x00007ff9b2210000 - 0x00007ff9b2246000 	C:\WINDOWS\system32\rsaenh.dll
0x00007ff9b2890000 - 0x00007ff9b28b6000 	C:\WINDOWS\SYSTEM32\bcrypt.dll
0x00007ff9b2b80000 - 0x00007ff9b2be3000 	C:\WINDOWS\system32\bcryptprimitives.dll
0x00007ff9b2bf0000 - 0x00007ff9b2bfb000 	C:\WINDOWS\SYSTEM32\CRYPTBASE.dll
0x00007ff9aceb0000 - 0x00007ff9acec6000 	C:\WINDOWS\SYSTEM32\dhcpcsvc6.DLL
0x00007ff9ad0e0000 - 0x00007ff9ad0fa000 	C:\WINDOWS\SYSTEM32\dhcpcsvc.DLL

VM Arguments:
jvm_args: -Dcom.sun.management.jmxremote -Dcom.sun.management.jmxremote.port=62163 -Dcom.sun.management.jmxremote.authenticate=false -Dcom.sun.management.jmxremote.ssl=false -Dspring.liveBeansView.mbeanDomain -Dspring.application.admin.enabled=true -Dfile.encoding=UTF-8 
java_command: ve.com.gem.GemBackendApplication --spring.output.ansi.enabled=always
java_class_path (initial): C:\Users\Naoe\git\gem-backend\gem-backend\target\classes;C:\Users\Naoe\.m2\repository\org\springframework\boot\spring-boot-starter-data-jpa\1.4.0.RELEASE\spring-boot-starter-data-jpa-1.4.0.RELEASE.jar;C:\Users\Naoe\.m2\repository\org\springframework\boot\spring-boot-starter\1.4.0.RELEASE\spring-boot-starter-1.4.0.RELEASE.jar;C:\Users\Naoe\.m2\repository\org\springframework\boot\spring-boot\1.4.0.RELEASE\spring-boot-1.4.0.RELEASE.jar;C:\Users\Naoe\.m2\repository\org\springframework\boot\spring-boot-autoconfigure\1.4.0.RELEASE\spring-boot-autoconfigure-1.4.0.RELEASE.jar;C:\Users\Naoe\.m2\repository\org\springframework\boot\spring-boot-starter-logging\1.4.0.RELEASE\spring-boot-starter-logging-1.4.0.RELEASE.jar;C:\Users\Naoe\.m2\repository\ch\qos\logback\logback-classic\1.1.7\logback-classic-1.1.7.jar;C:\Users\Naoe\.m2\repository\ch\qos\logback\logback-core\1.1.7\logback-core-1.1.7.jar;C:\Users\Naoe\.m2\repository\org\slf4j\jul-to-slf4j\1.7.21\jul-to-slf4j-1.7.21.jar;C:\Users\Naoe\.m2\repository\org\slf4j\log4j-over-slf4j\1.7.21\log4j-over-slf4j-1.7.21.jar;C:\Users\Naoe\.m2\repository\org\yaml\snakeyaml\1.17\snakeyaml-1.17.jar;C:\Users\Naoe\.m2\repository\org\springframework\boot\spring-boot-starter-aop\1.4.0.RELEASE\spring-boot-starter-aop-1.4.0.RELEASE.jar;C:\Users\Naoe\.m2\repository\org\aspectj\aspectjweaver\1.8.9\aspectjweaver-1.8.9.jar;C:\Users\Naoe\.m2\repository\org\springframework\boot\spring-boot-starter-jdbc\1.4.0.RELEASE\spring-boot-starter-jdbc-1.4.0.RELEASE.jar;C:\Users\Naoe\.m2\repository\org\apache\tomcat\tomcat-jdbc\8.5.4\tomcat-jdbc-8.5.4.jar;C:\Users\Naoe\.m2\repository\org\apache\tomcat\tomcat-juli\8.5.4\tomcat-juli-8.5.4.jar;C:\Users\Naoe\.m2\repository\org\springframework\spring-jdbc\4.3.2.RELEASE\spring-jdbc-4.3.2.RELEASE.jar;C:\Users\Naoe\.m2\repository\org\hibernate\hibernate-core\5.0.9.Final\hibernate-core-5.0.9.Final.jar;C:\Users\Naoe\.m2\repository\org\jboss\logging\jboss-logging\3.3.0.Final\jboss-logging-3.3.0.Fi
Launcher Type: SUN_STANDARD

Environment Variables:
JAVA_HOME=C:\Program Files\Java\jdk1.8.0_111
PATH=C:/Program Files/Java/jre1.8.0_111/bin/server;C:/Program Files/Java/jre1.8.0_111/bin;C:/Program Files/Java/jre1.8.0_111/lib/amd64;C:\ProgramData\Oracle\Java\javapath;C:\Program Files (x86)\Intel\iCLS Client\;C:\Program Files\Intel\iCLS Client\;C:\WINDOWS\system32;C:\WINDOWS;C:\WINDOWS\System32\Wbem;C:\WINDOWS\System32\WindowsPowerShell\v1.0\;C:\Program Files (x86)\Windows Live\Shared;C:\Program Files\Intel\Intel(R) Management Engine Components\DAL;C:\Program Files\Intel\Intel(R) Management Engine Components\IPT;C:\Program Files (x86)\Intel\Intel(R) Management Engine Components\DAL;C:\Program Files (x86)\Intel\Intel(R) Management Engine Components\IPT;C:\Program Files (x86)\Intel\OpenCL SDK\2.0\bin\x86;C:\Program Files (x86)\Intel\OpenCL SDK\2.0\bin\x64;C:\Program Files\Intel\WiFi\bin\;C:\Program Files\Common Files\Intel\WirelessCommon\;C:\WINDOWS\system32\config\systemprofile\.dnx\bin;C:\Program Files\Microsoft DNX\Dnvm\;C:\Program Files\Microsoft SQL Server\130\Tools\Binn\;C:\Program Files\Microsoft SQL Server\120\Tools\Binn\;C:\Program Files (x86)\Microsoft SQL Server\Client SDK\ODBC\130\Tools\Binn\;C:\Program Files (x86)\Microsoft SQL Server\130\Tools\Binn\;C:\Program Files (x86)\Microsoft SQL Server\130\DTS\Binn\;C:\Program Files (x86)\Microsoft SQL Server\130\Tools\Binn\ManagementStudio\;C:\Program Files\Microsoft SQL Server\Client SDK\ODBC\130\Tools\Binn\;C:\Program Files\Microsoft SQL Server\130\DTS\Binn\;C:\Program Files (x86)\Skype\Phone\;C:\Program Files\Java\jdk1.8.0_111\bin;C:\Users\Naoe\sts-bundle\sts-3.8.2.RELEASE;
USERNAME=Otamega
OS=Windows_NT
PROCESSOR_IDENTIFIER=Intel64 Family 6 Model 58 Stepping 9, GenuineIntel



---------------  S Y S T E M  ---------------

OS: Windows 8.1 , 64 bit Build 9600 (6.3.9600.17415)

CPU:total 8 (4 cores per cpu, 2 threads per core) family 6 model 58 stepping 9, cmov, cx8, fxsr, mmx, sse, sse2, sse3, ssse3, sse4.1, sse4.2, popcnt, avx, aes, clmul, erms, ht, tsc, tscinvbit, tscinv

Memory: 4k page, physical 8270048k(1450776k free), swap 11415776k(17720k free)

vm_info: Java HotSpot(TM) 64-Bit Server VM (25.111-b14) for windows-amd64 JRE (1.8.0_111-b14), built on Sep 22 2016 19:24:05 by "java_re" with MS VC++ 10.0 (VS2010)

time: Tue Jan 03 02:50:10 2017
elapsed time: 9 seconds (0d 0h 0m 9s)

