#
# There is insufficient memory for the Java Runtime Environment to continue.
# Native memory allocation (malloc) failed to allocate 1152016 bytes for Chunk::new
# Possible reasons:
#   The system is out of physical RAM or swap space
#   In 32 bit mode, the process size limit was hit
# Possible solutions:
#   Reduce memory load on the system
#   Increase physical memory or swap space
#   Check if swap backing store is full
#   Use 64 bit Java on a 64 bit OS
#   Decrease Java heap size (-Xmx/-Xms)
#   Decrease number of Java threads
#   Decrease Java thread stack sizes (-Xss)
#   Set larger code cache with -XX:ReservedCodeCacheSize=
# This output file may be truncated or incomplete.
#
#  Out of Memory Error (allocation.cpp:390), pid=13364, tid=0x0000000000002084
#
# JRE version: Java(TM) SE Runtime Environment (8.0_111-b14) (build 1.8.0_111-b14)
# Java VM: Java HotSpot(TM) 64-Bit Server VM (25.111-b14 mixed mode windows-amd64 compressed oops)
# Failed to write core dump. Minidumps are not enabled by default on client versions of Windows
#

---------------  T H R E A D  ---------------

Current thread (0x000000001a031000):  
[error occurred during error reporting (printing current thread), id 0xc0000005]

Stack: [0x000000001a790000,0x000000001a890000]
[error occurred during error reporting (printing stack bounds), id 0xc0000005]

Native frames: (J=compiled Java code, j=interpreted, Vv=VM code, C=native code)


Current CompileTask:
C2:  12509 3982       4       javassist.bytecode.AttributeInfo::read (477 bytes)


---------------  P R O C E S S  ---------------

Java Threads: ( => current thread )
  0x00000000206ec800 JavaThread "Unknown thread" [_thread_blocked, id=12684, stack(0x00000000221a0000,0x00000000222a0000)]
  0x000000001f97a000 JavaThread "localhost-startStop-1" daemon [_thread_blocked, id=9308, stack(0x0000000020b90000,0x0000000020c90000)]
  0x0000000023376800 JavaThread "Tomcat-startStop-1" daemon [_thread_blocked, id=6104, stack(0x000000001d0a0000,0x000000001d1a0000)]
  0x000000001b096000 
[error occurred during error reporting (printing all threads), id 0xc0000005]

VM state:at safepoint (normal execution)

VM Mutex/Monitor currently owned by a thread:  ([mutex/lock_event])
[0x0000000001b818d0] Threads_lock - owner thread: 0x00000000180c8800
[0x0000000001b81750] Heap_lock - owner thread: 0x000000001f97a000

Heap:
 PSYoungGen      total 209920K, used 12267K [0x00000000d5f00000, 0x00000000e8280000, 0x0000000100000000)
  eden space 197632K, 0% used [0x00000000d5f00000,0x00000000d5f00000,0x00000000e2000000)
  from space 12288K, 99% used [0x00000000e2000000,0x00000000e2bface8,0x00000000e2c00000)
  to   space 14848K, 0% used [0x00000000e7400000,0x00000000e7400000,0x00000000e8280000)
 ParOldGen       total 57856K, used 14288K [0x0000000081c00000, 0x0000000085480000, 0x00000000d5f00000)
  object space 57856K, 24% used [0x0000000081c00000,0x00000000829f4048,0x0000000085480000)
 Metaspace       used 34875K, capacity 35234K, committed 35456K, reserved 1079296K
  class space    used 4512K, capacity 4624K, committed 4736K, reserved 1048576K

Card table byte_map: [0x00000000127c0000,0x0000000012bc0000] byte_map_base: 0x00000000123b2000

Marking Bits: (ParMarkBitMap*) 0x00000000512fa6c0
 Begin Bits: [0x00000000133c0000, 0x0000000015350000)
 End Bits:   [0x0000000015350000, 0x00000000172e0000)

Polling page: 0x00000000011c0000

CodeCache: size=245760Kb used=13566Kb max_used=13579Kb free=232193Kb
 bounds [0x0000000003400000, 0x0000000004160000, 0x0000000012400000]
 total_blobs=3894 nmethods=3486 adapters=320
 compilation: enabled

Compilation events (10 events):
Event: 12.389 Thread 0x000000001a03f000 nmethod 3993 0x000000000414d9d0 code [0x000000000414db40, 0x000000000414ddd8]
Event: 12.389 Thread 0x000000001a03f000 3994       3       java.lang.Character::digit (10 bytes)
Event: 12.390 Thread 0x000000001a03f000 nmethod 3994 0x000000000413fdd0 code [0x000000000413ff40, 0x0000000004140178]
Event: 12.391 Thread 0x000000001a03f000 3995       3       org.h2.security.SHA256::rot (6 bytes)
Event: 12.391 Thread 0x000000001a03f000 nmethod 3995 0x000000000413fa50 code [0x000000000413fba0, 0x000000000413fd30]
Event: 12.391 Thread 0x000000001a03f000 3996       3       java.lang.Integer::rotateRight (9 bytes)
Event: 12.391 Thread 0x000000001a03f000 nmethod 3996 0x0000000004141a90 code [0x0000000004141be0, 0x0000000004141d30]
Event: 12.395 Thread 0x000000001a03c800 3997   !   4       java.util.zip.ZipFile::getInflater (56 bytes)
Event: 12.402 Thread 0x000000001a03c800 nmethod 3997 0x0000000004151990 code [0x0000000004151b20, 0x0000000004152328]
Event: 12.402 Thread 0x000000001a03c800 3998       4       java.net.URLStreamHandler::toExternalForm (219 bytes)

GC Heap History (10 events):
Event: 3.776 GC heap after
Heap after GC invocations=6 (full 1):
 PSYoungGen      total 71680K, used 0K [0x00000000d5f00000, 0x00000000df600000, 0x0000000100000000)
  eden space 66560K, 0% used [0x00000000d5f00000,0x00000000d5f00000,0x00000000da000000)
  from space 5120K, 0% used [0x00000000da000000,0x00000000da000000,0x00000000da500000)
  to   space 10752K, 0% used [0x00000000deb80000,0x00000000deb80000,0x00000000df600000)
 ParOldGen       total 57856K, used 10974K [0x0000000081c00000, 0x0000000085480000, 0x00000000d5f00000)
  object space 57856K, 18% used [0x0000000081c00000,0x00000000826b7bd0,0x0000000085480000)
 Metaspace       used 20868K, capacity 21154K, committed 21296K, reserved 1069056K
  class space    used 2604K, capacity 2672K, committed 2688K, reserved 1048576K
}
Event: 4.193 GC heap before
{Heap before GC invocations=7 (full 1):
 PSYoungGen      total 71680K, used 66560K [0x00000000d5f00000, 0x00000000df600000, 0x0000000100000000)
  eden space 66560K, 100% used [0x00000000d5f00000,0x00000000da000000,0x00000000da000000)
  from space 5120K, 0% used [0x00000000da000000,0x00000000da000000,0x00000000da500000)
  to   space 10752K, 0% used [0x00000000deb80000,0x00000000deb80000,0x00000000df600000)
 ParOldGen       total 57856K, used 10974K [0x0000000081c00000, 0x0000000085480000, 0x00000000d5f00000)
  object space 57856K, 18% used [0x0000000081c00000,0x00000000826b7bd0,0x0000000085480000)
 Metaspace       used 21615K, capacity 21946K, committed 22192K, reserved 1069056K
  class space    used 2720K, capacity 2804K, committed 2816K, reserved 1048576K
Event: 4.199 GC heap after
Heap after GC invocations=7 (full 1):
 PSYoungGen      total 122368K, used 5312K [0x00000000d5f00000, 0x00000000df100000, 0x0000000100000000)
  eden space 116736K, 0% used [0x00000000d5f00000,0x00000000d5f00000,0x00000000dd100000)
  from space 5632K, 94% used [0x00000000deb80000,0x00000000df0b0060,0x00000000df100000)
  to   space 11264K, 0% used [0x00000000ddb00000,0x00000000ddb00000,0x00000000de600000)
 ParOldGen       total 57856K, used 10982K [0x0000000081c00000, 0x0000000085480000, 0x00000000d5f00000)
  object space 57856K, 18% used [0x0000000081c00000,0x00000000826b9bd0,0x0000000085480000)
 Metaspace       used 21615K, capacity 21946K, committed 22192K, reserved 1069056K
  class space    used 2720K, capacity 2804K, committed 2816K, reserved 1048576K
}
Event: 6.065 GC heap before
{Heap before GC invocations=8 (full 1):
 PSYoungGen      total 122368K, used 122048K [0x00000000d5f00000, 0x00000000df100000, 0x0000000100000000)
  eden space 116736K, 100% used [0x00000000d5f00000,0x00000000dd100000,0x00000000dd100000)
  from space 5632K, 94% used [0x00000000deb80000,0x00000000df0b0060,0x00000000df100000)
  to   space 11264K, 0% used [0x00000000ddb00000,0x00000000ddb00000,0x00000000de600000)
 ParOldGen       total 57856K, used 10982K [0x0000000081c00000, 0x0000000085480000, 0x00000000d5f00000)
  object space 57856K, 18% used [0x0000000081c00000,0x00000000826b9bd0,0x0000000085480000)
 Metaspace       used 25698K, capacity 26046K, committed 26240K, reserved 1073152K
  class space    used 3295K, capacity 3402K, committed 3456K, reserved 1048576K
Event: 6.076 GC heap after
Heap after GC invocations=8 (full 1):
 PSYoungGen      total 138240K, used 8119K [0x00000000d5f00000, 0x00000000e3680000, 0x0000000100000000)
  eden space 126976K, 0% used [0x00000000d5f00000,0x00000000d5f00000,0x00000000ddb00000)
  from space 11264K, 72% used [0x00000000ddb00000,0x00000000de2edf70,0x00000000de600000)
  to   space 10752K, 0% used [0x00000000e2c00000,0x00000000e2c00000,0x00000000e3680000)
 ParOldGen       total 57856K, used 10990K [0x0000000081c00000, 0x0000000085480000, 0x00000000d5f00000)
  object space 57856K, 18% used [0x0000000081c00000,0x00000000826bbbd0,0x0000000085480000)
 Metaspace       used 25698K, capacity 26046K, committed 26240K, reserved 1073152K
  class space    used 3295K, capacity 3402K, committed 3456K, reserved 1048576K
}
Event: 7.705 GC heap before
{Heap before GC invocations=9 (full 1):
 PSYoungGen      total 138240K, used 135095K [0x00000000d5f00000, 0x00000000e3680000, 0x0000000100000000)
  eden space 126976K, 100% used [0x00000000d5f00000,0x00000000ddb00000,0x00000000ddb00000)
  from space 11264K, 72% used [0x00000000ddb00000,0x00000000de2edf70,0x00000000de600000)
  to   space 10752K, 0% used [0x00000000e2c00000,0x00000000e2c00000,0x00000000e3680000)
 ParOldGen       total 57856K, used 10990K [0x0000000081c00000, 0x0000000085480000, 0x00000000d5f00000)
  object space 57856K, 18% used [0x0000000081c00000,0x00000000826bbbd0,0x0000000085480000)
 Metaspace       used 29794K, capacity 30186K, committed 30336K, reserved 1075200K
  class space    used 3797K, capacity 3884K, committed 3968K, reserved 1048576K
Event: 7.714 GC heap after
Heap after GC invocations=9 (full 1):
 PSYoungGen      total 208384K, used 10727K [0x00000000d5f00000, 0x00000000e4480000, 0x0000000100000000)
  eden space 197632K, 0% used [0x00000000d5f00000,0x00000000d5f00000,0x00000000e2000000)
  from space 10752K, 99% used [0x00000000e2c00000,0x00000000e3679fe0,0x00000000e3680000)
  to   space 12288K, 0% used [0x00000000e2000000,0x00000000e2000000,0x00000000e2c00000)
 ParOldGen       total 57856K, used 11454K [0x0000000081c00000, 0x0000000085480000, 0x00000000d5f00000)
  object space 57856K, 19% used [0x0000000081c00000,0x000000008272f950,0x0000000085480000)
 Metaspace       used 29794K, capacity 30186K, committed 30336K, reserved 1075200K
  class space    used 3797K, capacity 3884K, committed 3968K, reserved 1048576K
}
Event: 12.430 GC heap before
{Heap before GC invocations=10 (full 1):
 PSYoungGen      total 208384K, used 133939K [0x00000000d5f00000, 0x00000000e4480000, 0x0000000100000000)
  eden space 197632K, 62% used [0x00000000d5f00000,0x00000000dd752f48,0x00000000e2000000)
  from space 10752K, 99% used [0x00000000e2c00000,0x00000000e3679fe0,0x00000000e3680000)
  to   space 12288K, 0% used [0x00000000e2000000,0x00000000e2000000,0x00000000e2c00000)
 ParOldGen       total 57856K, used 11454K [0x0000000081c00000, 0x0000000085480000, 0x00000000d5f00000)
  object space 57856K, 19% used [0x0000000081c00000,0x000000008272f950,0x0000000085480000)
 Metaspace       used 34875K, capacity 35234K, committed 35456K, reserved 1079296K
  class space    used 4512K, capacity 4624K, committed 4736K, reserved 1048576K
Event: 12.444 GC heap after
Heap after GC invocations=10 (full 1):
 PSYoungGen      total 209920K, used 12267K [0x00000000d5f00000, 0x00000000e8280000, 0x0000000100000000)
  eden space 197632K, 0% used [0x00000000d5f00000,0x00000000d5f00000,0x00000000e2000000)
  from space 12288K, 99% used [0x00000000e2000000,0x00000000e2bface8,0x00000000e2c00000)
  to   space 14848K, 0% used [0x00000000e7400000,0x00000000e7400000,0x00000000e8280000)
 ParOldGen       total 57856K, used 14288K [0x0000000081c00000, 0x0000000085480000, 0x00000000d5f00000)
  object space 57856K, 24% used [0x0000000081c00000,0x00000000829f4048,0x0000000085480000)
 Metaspace       used 34875K, capacity 35234K, committed 35456K, reserved 1079296K
  class space    used 4512K, capacity 4624K, committed 4736K, reserved 1048576K
}
Event: 12.444 GC heap before
{Heap before GC invocations=11 (full 2):
 PSYoungGen      total 209920K, used 12267K [0x00000000d5f00000, 0x00000000e8280000, 0x0000000100000000)
  eden space 197632K, 0% used [0x00000000d5f00000,0x00000000d5f00000,0x00000000e2000000)
  from space 12288K, 99% used [0x00000000e2000000,0x00000000e2bface8,0x00000000e2c00000)
  to   space 14848K, 0% used [0x00000000e7400000,0x00000000e7400000,0x00000000e8280000)
 ParOldGen       total 57856K, used 14288K [0x0000000081c00000, 0x0000000085480000, 0x00000000d5f00000)
  object space 57856K, 24% used [0x0000000081c00000,0x00000000829f4048,0x0000000085480000)
 Metaspace       used 34875K, capacity 35234K, committed 35456K, reserved 1079296K
  class space    used 4512K, capacity 4624K, committed 4736K, reserved 1048576K

Deoptimization events (10 events):
Event: 8.396 Thread 0x000000001f97a000 Uncommon trap: reason=unstable_if action=reinterpret pc=0x00000000037ce6f4 method=org.springframework.boot.bind.DefaultPropertyNamePatternsMatcher.matches(Ljava/lang/String;)Z @ 169
Event: 10.488 Thread 0x000000001f97a000 Uncommon trap: reason=unstable_if action=reinterpret pc=0x0000000003d2c4f8 method=org.springframework.util.StringUtils.replace(Ljava/lang/String;Ljava/lang/String;Ljava/lang/String;)Ljava/lang/String; @ 4
Event: 10.488 Thread 0x000000001f97a000 Uncommon trap: reason=unstable_if action=reinterpret pc=0x0000000003bfd0c8 method=org.springframework.util.CollectionUtils.isEmpty(Ljava/util/Collection;)Z @ 10
Event: 10.488 Thread 0x000000001f97a000 Uncommon trap: reason=unstable_if action=reinterpret pc=0x0000000003885af8 method=java.net.URL.<init>(Ljava/net/URL;Ljava/lang/String;Ljava/net/URLStreamHandler;)V @ 57
Event: 10.488 Thread 0x000000001f97a000 Uncommon trap: reason=unstable_if action=reinterpret pc=0x0000000003b36458 method=java.net.URLStreamHandler.parseURL(Ljava/net/URL;Ljava/lang/String;II)V @ 57
Event: 10.613 Thread 0x000000001f97a000 Uncommon trap: reason=bimorphic action=maybe_recompile pc=0x000000000397bdd8 method=java.lang.ClassLoader.loadClass(Ljava/lang/String;Z)Ljava/lang/Class; @ 2
Event: 10.613 Thread 0x000000001f97a000 Uncommon trap: reason=unstable_if action=reinterpret pc=0x0000000003aefc00 method=java.lang.ClassLoader.getClassLoadingLock(Ljava/lang/String;)Ljava/lang/Object; @ 6
Event: 10.614 Thread 0x000000001f97a000 Uncommon trap: reason=bimorphic action=maybe_recompile pc=0x000000000397bdd8 method=java.lang.ClassLoader.loadClass(Ljava/lang/String;Z)Ljava/lang/Class; @ 2
Event: 10.619 Thread 0x000000001f97a000 Uncommon trap: reason=bimorphic action=maybe_recompile pc=0x0000000003c98044 method=java.util.regex.Pattern$Curly.match0(Ljava/util/regex/Matcher;IILjava/lang/CharSequence;)Z @ 31
Event: 11.510 Thread 0x000000001f97a000 Uncommon trap: reason=unstable_if action=reinterpret pc=0x000000000410ca9c method=java.io.DataInputStream.readUTF(Ljava/io/DataInput;)Ljava/lang/String; @ 112

Internal exceptions (10 events):
Event: 8.487 Thread 0x000000001f97a000 Exception <a 'java/lang/ClassNotFoundException': org/springframework/context/weaving/LoadTimeWeaverAwareCustomizer> (0x00000000db1e6a20) thrown at [C:\re\workspace\8-2-build-windows-amd64-cygwin\jdk8u111\7883\hotspot\src\share\vm\classfile\systemDictionar
Event: 8.487 Thread 0x000000001f97a000 Exception <a 'java/lang/ClassNotFoundException': org/springframework/beans/factory/FactoryBeanCustomizer> (0x00000000db1fd500) thrown at [C:\re\workspace\8-2-build-windows-amd64-cygwin\jdk8u111\7883\hotspot\src\share\vm\classfile\systemDictionary.cpp, lin
Event: 8.488 Thread 0x000000001f97a000 Exception <a 'java/lang/ClassNotFoundException': org/springframework/beans/factory/BeanClassLoaderAwareCustomizer> (0x00000000db218368) thrown at [C:\re\workspace\8-2-build-windows-amd64-cygwin\jdk8u111\7883\hotspot\src\share\vm\classfile\systemDictionary
Event: 8.489 Thread 0x000000001f97a000 Exception <a 'java/lang/ClassNotFoundException': org/springframework/beans/factory/BeanFactoryAwareCustomizer> (0x00000000db22ff90) thrown at [C:\re\workspace\8-2-build-windows-amd64-cygwin\jdk8u111\7883\hotspot\src\share\vm\classfile\systemDictionary.cpp
Event: 8.490 Thread 0x000000001f97a000 Exception <a 'java/lang/ClassNotFoundException': org/springframework/beans/factory/BeanNameAwareCustomizer> (0x00000000db247830) thrown at [C:\re\workspace\8-2-build-windows-amd64-cygwin\jdk8u111\7883\hotspot\src\share\vm\classfile\systemDictionary.cpp, l
Event: 8.490 Thread 0x000000001f97a000 Exception <a 'java/lang/ClassNotFoundException': org/springframework/beans/factory/InitializingBeanCustomizer> (0x00000000db25f4b0) thrown at [C:\re\workspace\8-2-build-windows-amd64-cygwin\jdk8u111\7883\hotspot\src\share\vm\classfile\systemDictionary.cpp
Event: 8.491 Thread 0x000000001f97a000 Exception <a 'java/lang/ClassNotFoundException': org/springframework/beans/factory/DisposableBeanCustomizer> (0x00000000db275e68) thrown at [C:\re\workspace\8-2-build-windows-amd64-cygwin\jdk8u111\7883\hotspot\src\share\vm\classfile\systemDictionary.cpp, 
Event: 8.492 Thread 0x000000001f97a000 Exception <a 'java/lang/ClassNotFoundException': org/springframework/orm/jpa/EntityManagerFactoryInfoCustomizer> (0x00000000db28dd08) thrown at [C:\re\workspace\8-2-build-windows-amd64-cygwin\jdk8u111\7883\hotspot\src\share\vm\classfile\systemDictionary.c
Event: 8.493 Thread 0x000000001f97a000 Exception <a 'java/lang/ClassNotFoundException': org/springframework/dao/support/PersistenceExceptionTranslatorCustomizer> (0x00000000db2b16e0) thrown at [C:\re\workspace\8-2-build-windows-amd64-cygwin\jdk8u111\7883\hotspot\src\share\vm\classfile\systemDi
Event: 8.494 Thread 0x000000001f97a000 Exception <a 'java/lang/ClassNotFoundException': java/io/SerializableCustomizer> (0x00000000db2bb3c8) thrown at [C:\re\workspace\8-2-build-windows-amd64-cygwin\jdk8u111\7883\hotspot\src\share\vm\classfile\systemDictionary.cpp, line 210]

Events (10 events):
Event: 12.427 loading class org/h2/table/Table done
Event: 12.428 loading class org/h2/schema/SchemaObjectBase
Event: 12.428 loading class org/h2/schema/SchemaObjectBase done
Event: 12.429 loading class org/h2/engine/DbObjectBase
Event: 12.429 loading class org/h2/engine/DbObjectBase done
Event: 12.429 loading class org/h2/table/TableBase
Event: 12.429 loading class org/h2/table/TableBase done
Event: 12.429 loading class org/h2/mvstore/db/MVTable
Event: 12.429 loading class org/h2/mvstore/db/MVTable done
Event: 12.430 Executing VM operation: CollectForMetadataAllocation


Dynamic libraries:
0x00007ff709180000 - 0x00007ff7091b7000 	C:\Program Files\Java\jre1.8.0_111\bin\javaw.exe
0x00007ff9b5c30000 - 0x00007ff9b5ddc000 	C:\WINDOWS\SYSTEM32\ntdll.dll
0x00007ff9b3a30000 - 0x00007ff9b3b6e000 	C:\WINDOWS\system32\KERNEL32.DLL
0x00007ff9b2eb0000 - 0x00007ff9b2fc5000 	C:\WINDOWS\system32\KERNELBASE.dll
0x00007ff9b1920000 - 0x00007ff9b19ae000 	C:\WINDOWS\system32\apphelp.dll
0x00007ff9892f0000 - 0x00007ff989343000 	C:\WINDOWS\AppPatch\AppPatch64\AcGenral.DLL
0x00007ff9b3e50000 - 0x00007ff9b3efa000 	C:\WINDOWS\system32\msvcrt.dll
0x00007ff9b2b50000 - 0x00007ff9b2b7e000 	C:\WINDOWS\SYSTEM32\SspiCli.dll
0x00007ff9b3fd0000 - 0x00007ff9b4024000 	C:\WINDOWS\system32\SHLWAPI.dll
0x00007ff9b5ab0000 - 0x00007ff9b5c27000 	C:\WINDOWS\system32\USER32.dll
0x00007ff9b3890000 - 0x00007ff9b3a24000 	C:\WINDOWS\system32\ole32.dll
0x00007ff9b4250000 - 0x00007ff9b577b000 	C:\WINDOWS\system32\SHELL32.dll
0x00007ff9b2320000 - 0x00007ff9b2341000 	C:\WINDOWS\SYSTEM32\USERENV.dll
0x00007ff9b35c0000 - 0x00007ff9b366a000 	C:\WINDOWS\system32\ADVAPI32.dll
0x00007ff9a8a90000 - 0x00007ff9a8aae000 	C:\WINDOWS\SYSTEM32\MPR.dll
0x00007ff9b3310000 - 0x00007ff9b3451000 	C:\WINDOWS\system32\RPCRT4.dll
0x00007ff9b32b0000 - 0x00007ff9b3309000 	C:\WINDOWS\SYSTEM32\sechost.dll
0x00007ff9b3c30000 - 0x00007ff9b3e41000 	C:\WINDOWS\SYSTEM32\combase.dll
0x00007ff9b3670000 - 0x00007ff9b37c0000 	C:\WINDOWS\system32\GDI32.dll
0x00007ff9b2d80000 - 0x00007ff9b2d95000 	C:\WINDOWS\SYSTEM32\profapi.dll
0x00007ff9b11a0000 - 0x00007ff9b1252000 	C:\WINDOWS\SYSTEM32\SHCORE.dll
0x00007ff9b37d0000 - 0x00007ff9b3806000 	C:\WINDOWS\system32\IMM32.DLL
0x00007ff9b3460000 - 0x00007ff9b35b2000 	C:\WINDOWS\system32\MSCTF.dll
0x00007ff9b0d20000 - 0x00007ff9b0f9a000 	C:\WINDOWS\WinSxS\amd64_microsoft.windows.common-controls_6595b64144ccf1df_6.0.9600.17810_none_6240b9c7ecbd0bda\COMCTL32.dll
0x0000000050940000 - 0x0000000050a12000 	C:\Program Files\Java\jre1.8.0_111\bin\msvcr100.dll
0x0000000050ae0000 - 0x000000005137a000 	C:\Program Files\Java\jre1.8.0_111\bin\server\jvm.dll
0x00007ff9a9910000 - 0x00007ff9a9919000 	C:\WINDOWS\SYSTEM32\WSOCK32.dll
0x00007ff9ae180000 - 0x00007ff9ae1a2000 	C:\WINDOWS\SYSTEM32\WINMM.dll
0x00007ff9adb90000 - 0x00007ff9adb9a000 	C:\WINDOWS\SYSTEM32\VERSION.dll
0x00007ff9b3810000 - 0x00007ff9b3817000 	C:\WINDOWS\system32\PSAPI.DLL
0x00007ff9b41f0000 - 0x00007ff9b424a000 	C:\WINDOWS\system32\WS2_32.dll
0x00007ff9adcc0000 - 0x00007ff9adcea000 	C:\WINDOWS\SYSTEM32\WINMMBASE.dll
0x00007ff9b4030000 - 0x00007ff9b4039000 	C:\WINDOWS\system32\NSI.dll
0x00007ff9b3260000 - 0x00007ff9b32af000 	C:\WINDOWS\SYSTEM32\cfgmgr32.dll
0x00007ff9b1b80000 - 0x00007ff9b1ba8000 	C:\WINDOWS\SYSTEM32\DEVOBJ.dll
0x0000000051710000 - 0x000000005171f000 	C:\Program Files\Java\jre1.8.0_111\bin\verify.dll
0x00000000516e0000 - 0x0000000051709000 	C:\Program Files\Java\jre1.8.0_111\bin\java.dll
0x00000000516c0000 - 0x00000000516d6000 	C:\Program Files\Java\jre1.8.0_111\bin\zip.dll
0x0000000050930000 - 0x000000005093d000 	C:\Program Files\Java\jre1.8.0_111\bin\management.dll
0x0000000050ac0000 - 0x0000000050ada000 	C:\Program Files\Java\jre1.8.0_111\bin\net.dll
0x00007ff9b2590000 - 0x00007ff9b25e9000 	C:\WINDOWS\system32\mswsock.dll
0x0000000050aa0000 - 0x0000000050ab1000 	C:\Program Files\Java\jre1.8.0_111\bin\nio.dll
0x00007ff996260000 - 0x00007ff996275000 	C:\WINDOWS\system32\napinsp.dll
0x00007ff996280000 - 0x00007ff99629a000 	C:\WINDOWS\system32\pnrpnsp.dll
0x00007ff9ae910000 - 0x00007ff9ae92b000 	C:\WINDOWS\system32\NLAapi.dll
0x00007ff9b2390000 - 0x00007ff9b2434000 	C:\WINDOWS\SYSTEM32\DNSAPI.dll
0x00007ff9962a0000 - 0x00007ff9962ad000 	C:\WINDOWS\System32\winrnr.dll
0x0000000051d90000 - 0x0000000051db6000 	C:\Program Files\Bonjour\mdnsNSP.dll
0x00007ff9ad8e0000 - 0x00007ff9ad90a000 	C:\WINDOWS\SYSTEM32\Iphlpapi.DLL
0x00007ff9ad8c0000 - 0x00007ff9ad8ca000 	C:\WINDOWS\SYSTEM32\WINNSI.DLL
0x00007ff9a8b10000 - 0x00007ff9a8b1a000 	C:\Windows\System32\rasadhlp.dll
0x00007ff9ad470000 - 0x00007ff9ad4db000 	C:\WINDOWS\System32\fwpuclnt.dll
0x00007ff9b25f0000 - 0x00007ff9b2610000 	C:\WINDOWS\SYSTEM32\CRYPTSP.dll
0x00007ff9b2210000 - 0x00007ff9b2246000 	C:\WINDOWS\system32\rsaenh.dll
0x00007ff9b2890000 - 0x00007ff9b28b6000 	C:\WINDOWS\SYSTEM32\bcrypt.dll
0x00007ff9b2b80000 - 0x00007ff9b2be3000 	C:\WINDOWS\system32\bcryptprimitives.dll
0x00007ff9b2bf0000 - 0x00007ff9b2bfb000 	C:\WINDOWS\SYSTEM32\CRYPTBASE.dll
0x00007ff9aceb0000 - 0x00007ff9acec6000 	C:\WINDOWS\SYSTEM32\dhcpcsvc6.DLL
0x00007ff9ad0e0000 - 0x00007ff9ad0fa000 	C:\WINDOWS\SYSTEM32\dhcpcsvc.DLL

VM Arguments:
jvm_args: -Dcom.sun.management.jmxremote -Dcom.sun.management.jmxremote.port=61135 -Dcom.sun.management.jmxremote.authenticate=false -Dcom.sun.management.jmxremote.ssl=false -Dspring.liveBeansView.mbeanDomain -Dspring.application.admin.enabled=true -Dfile.encoding=UTF-8 
java_command: ve.com.gem.GemBackendApplication --spring.output.ansi.enabled=always
java_class_path (initial): C:\Users\Naoe\git\gem-backend\gem-backend\target\classes;C:\Users\Naoe\.m2\repository\org\springframework\boot\spring-boot-starter-data-jpa\1.4.0.RELEASE\spring-boot-starter-data-jpa-1.4.0.RELEASE.jar;C:\Users\Naoe\.m2\repository\org\springframework\boot\spring-boot-starter\1.4.0.RELEASE\spring-boot-starter-1.4.0.RELEASE.jar;C:\Users\Naoe\.m2\repository\org\springframework\boot\spring-boot\1.4.0.RELEASE\spring-boot-1.4.0.RELEASE.jar;C:\Users\Naoe\.m2\repository\org\springframework\boot\spring-boot-autoconfigure\1.4.0.RELEASE\spring-boot-autoconfigure-1.4.0.RELEASE.jar;C:\Users\Naoe\.m2\repository\org\springframework\boot\spring-boot-starter-logging\1.4.0.RELEASE\spring-boot-starter-logging-1.4.0.RELEASE.jar;C:\Users\Naoe\.m2\repository\ch\qos\logback\logback-classic\1.1.7\logback-classic-1.1.7.jar;C:\Users\Naoe\.m2\repository\ch\qos\logback\logback-core\1.1.7\logback-core-1.1.7.jar;C:\Users\Naoe\.m2\repository\org\slf4j\jul-to-slf4j\1.7.21\jul-to-slf4j-1.7.21.jar;C:\Users\Naoe\.m2\repository\org\slf4j\log4j-over-slf4j\1.7.21\log4j-over-slf4j-1.7.21.jar;C:\Users\Naoe\.m2\repository\org\yaml\snakeyaml\1.17\snakeyaml-1.17.jar;C:\Users\Naoe\.m2\repository\org\springframework\boot\spring-boot-starter-aop\1.4.0.RELEASE\spring-boot-starter-aop-1.4.0.RELEASE.jar;C:\Users\Naoe\.m2\repository\org\aspectj\aspectjweaver\1.8.9\aspectjweaver-1.8.9.jar;C:\Users\Naoe\.m2\repository\org\springframework\boot\spring-boot-starter-jdbc\1.4.0.RELEASE\spring-boot-starter-jdbc-1.4.0.RELEASE.jar;C:\Users\Naoe\.m2\repository\org\apache\tomcat\tomcat-jdbc\8.5.4\tomcat-jdbc-8.5.4.jar;C:\Users\Naoe\.m2\repository\org\apache\tomcat\tomcat-juli\8.5.4\tomcat-juli-8.5.4.jar;C:\Users\Naoe\.m2\repository\org\springframework\spring-jdbc\4.3.2.RELEASE\spring-jdbc-4.3.2.RELEASE.jar;C:\Users\Naoe\.m2\repository\org\hibernate\hibernate-core\5.0.9.Final\hibernate-core-5.0.9.Final.jar;C:\Users\Naoe\.m2\repository\org\jboss\logging\jboss-logging\3.3.0.Final\jboss-logging-3.3.0.Fi
Launcher Type: SUN_STANDARD

Environment Variables:
JAVA_HOME=C:\Program Files\Java\jdk1.8.0_111
PATH=C:/Program Files/Java/jre1.8.0_111/bin/server;C:/Program Files/Java/jre1.8.0_111/bin;C:/Program Files/Java/jre1.8.0_111/lib/amd64;C:\ProgramData\Oracle\Java\javapath;C:\Program Files (x86)\Intel\iCLS Client\;C:\Program Files\Intel\iCLS Client\;C:\WINDOWS\system32;C:\WINDOWS;C:\WINDOWS\System32\Wbem;C:\WINDOWS\System32\WindowsPowerShell\v1.0\;C:\Program Files (x86)\Windows Live\Shared;C:\Program Files\Intel\Intel(R) Management Engine Components\DAL;C:\Program Files\Intel\Intel(R) Management Engine Components\IPT;C:\Program Files (x86)\Intel\Intel(R) Management Engine Components\DAL;C:\Program Files (x86)\Intel\Intel(R) Management Engine Components\IPT;C:\Program Files (x86)\Intel\OpenCL SDK\2.0\bin\x86;C:\Program Files (x86)\Intel\OpenCL SDK\2.0\bin\x64;C:\Program Files\Intel\WiFi\bin\;C:\Program Files\Common Files\Intel\WirelessCommon\;C:\WINDOWS\system32\config\systemprofile\.dnx\bin;C:\Program Files\Microsoft DNX\Dnvm\;C:\Program Files\Microsoft SQL Server\130\Tools\Binn\;C:\Program Files\Microsoft SQL Server\120\Tools\Binn\;C:\Program Files (x86)\Microsoft SQL Server\Client SDK\ODBC\130\Tools\Binn\;C:\Program Files (x86)\Microsoft SQL Server\130\Tools\Binn\;C:\Program Files (x86)\Microsoft SQL Server\130\DTS\Binn\;C:\Program Files (x86)\Microsoft SQL Server\130\Tools\Binn\ManagementStudio\;C:\Program Files\Microsoft SQL Server\Client SDK\ODBC\130\Tools\Binn\;C:\Program Files\Microsoft SQL Server\130\DTS\Binn\;C:\Program Files (x86)\Skype\Phone\;C:\Program Files\Java\jdk1.8.0_111\bin;C:\Users\Naoe\sts-bundle\sts-3.8.2.RELEASE;
USERNAME=Otamega
OS=Windows_NT
PROCESSOR_IDENTIFIER=Intel64 Family 6 Model 58 Stepping 9, GenuineIntel



---------------  S Y S T E M  ---------------

OS: Windows 8.1 , 64 bit Build 9600 (6.3.9600.17415)

CPU:total 8 (4 cores per cpu, 2 threads per core) family 6 model 58 stepping 9, cmov, cx8, fxsr, mmx, sse, sse2, sse3, ssse3, sse4.1, sse4.2, popcnt, avx, aes, clmul, erms, ht, tsc, tscinvbit, tscinv

Memory: 4k page, physical 8270048k(1560892k free), swap 11415776k(5296k free)

vm_info: Java HotSpot(TM) 64-Bit Server VM (25.111-b14) for windows-amd64 JRE (1.8.0_111-b14), built on Sep 22 2016 19:24:05 by "java_re" with MS VC++ 10.0 (VS2010)

time: Tue Jan 03 01:54:57 2017
elapsed time: 12 seconds (0d 0h 0m 12s)

